# JRE version: OpenJDK Runtime Environment (8.0_152-b01) (build 1.8.0_152-release-1024-b01)
# Java VM: OpenJDK 64-Bit Server VM (25.152-b01 mixed mode linux-amd64 compressed oops)
Heap:
 PSYoungGen      total 335872K, used 23683K [0x00000000e0000000, 0x00000000f9580000, 0x0000000100000000)
  eden space 328192K, 7% used [0x00000000e0000000,0x00000000e1720db8,0x00000000f4080000)
  from space 7680K, 0% used [0x00000000f4d80000,0x00000000f4d80000,0x00000000f5500000)
  to   space 43520K, 0% used [0x00000000f6b00000,0x00000000f6b00000,0x00000000f9580000)
 ParOldGen       total 185344K, used 62747K [0x00000000a0000000, 0x00000000ab500000, 0x00000000e0000000)
  object space 185344K, 33% used [0x00000000a0000000,0x00000000a3d46cd0,0x00000000ab500000)
 Metaspace       used 90487K, capacity 95582K, committed 98380K, reserved 1134592K
  class space    used 11488K, capacity 12556K, committed 13184K, reserved 1048576K
GC Heap History (10 events):
Event: 8984,986 GC heap before
{Heap before GC invocations=27 (full 3):
 PSYoungGen      total 364544K, used 331865K [0x00000000e0000000, 0x00000000fd000000, 0x0000000100000000)
  eden space 314880K, 100% used [0x00000000e0000000,0x00000000f3380000,0x00000000f3380000)
  from space 49664K, 34% used [0x00000000f3380000,0x00000000f44164a8,0x00000000f6400000)
  to   space 47616K, 0% used [0x00000000fa180000,0x00000000fa180000,0x00000000fd000000)
 ParOldGen       total 126464K, used 107536K [0x00000000a0000000, 0x00000000a7b80000, 0x00000000e0000000)
  object space 126464K, 85% used [0x00000000a0000000,0x00000000a69042b8,0x00000000a7b80000)
 Metaspace       used 91071K, capacity 96332K, committed 96384K, reserved 1132544K
  class space    used 11727K, capacity 12901K, committed 12928K, reserved 1048576K
Event: 8985,086 GC heap after
Heap after GC invocations=27 (full 3):
 PSYoungGen      total 408064K, used 6691K [0x00000000e0000000, 0x00000000fc600000, 0x0000000100000000)
  eden space 370688K, 0% used [0x00000000e0000000,0x00000000e0000000,0x00000000f6a00000)
  from space 37376K, 17% used [0x00000000fa180000,0x00000000fa808d38,0x00000000fc600000)
  to   space 47104K, 0% used [0x00000000f6a00000,0x00000000f6a00000,0x00000000f9800000)
 ParOldGen       total 126464K, used 108760K [0x00000000a0000000, 0x00000000a7b80000, 0x00000000e0000000)
  object space 126464K, 86% used [0x00000000a0000000,0x00000000a6a36118,0x00000000a7b80000)
 Metaspace       used 91071K, capacity 96332K, committed 96384K, reserved 1132544K
  class space    used 11727K, capacity 12901K, committed 12928K, reserved 1048576K
}
Event: 9008,589 GC heap before
{Heap before GC invocations=28 (full 3):
 PSYoungGen      total 408064K, used 377379K [0x00000000e0000000, 0x00000000fc600000, 0x0000000100000000)
  eden space 370688K, 100% used [0x00000000e0000000,0x00000000f6a00000,0x00000000f6a00000)
  from space 37376K, 17% used [0x00000000fa180000,0x00000000fa808d38,0x00000000fc600000)
  to   space 47104K, 0% used [0x00000000f6a00000,0x00000000f6a00000,0x00000000f9800000)
 ParOldGen       total 126464K, used 108760K [0x00000000a0000000, 0x00000000a7b80000, 0x00000000e0000000)
  object space 126464K, 86% used [0x00000000a0000000,0x00000000a6a36118,0x00000000a7b80000)
 Metaspace       used 91688K, capacity 97100K, committed 97280K, reserved 1134592K
  class space    used 11760K, capacity 12953K, committed 13056K, reserved 1048576K
Event: 9008,617 GC heap after
Heap after GC invocations=28 (full 3):
 PSYoungGen      total 367104K, used 10775K [0x00000000e0000000, 0x00000000fb480000, 0x0000000100000000)
  eden space 355840K, 0% used [0x00000000e0000000,0x00000000e0000000,0x00000000f5b80000)
  from space 11264K, 95% used [0x00000000f6a00000,0x00000000f7485df0,0x00000000f7500000)
  to   space 45568K, 0% used [0x00000000f8800000,0x00000000f8800000,0x00000000fb480000)
 ParOldGen       total 126464K, used 108768K [0x00000000a0000000, 0x00000000a7b80000, 0x00000000e0000000)
  object space 126464K, 86% used [0x00000000a0000000,0x00000000a6a38118,0x00000000a7b80000)
 Metaspace       used 91688K, capacity 97100K, committed 97280K, reserved 1134592K
  class space    used 11760K, capacity 12953K, committed 13056K, reserved 1048576K
}
Event: 9695,660 GC heap before
{Heap before GC invocations=29 (full 3):
 PSYoungGen      total 367104K, used 366615K [0x00000000e0000000, 0x00000000fb480000, 0x0000000100000000)
  eden space 355840K, 100% used [0x00000000e0000000,0x00000000f5b80000,0x00000000f5b80000)
  from space 11264K, 95% used [0x00000000f6a00000,0x00000000f7485df0,0x00000000f7500000)
  to   space 45568K, 0% used [0x00000000f8800000,0x00000000f8800000,0x00000000fb480000)
 ParOldGen       total 126464K, used 108768K [0x00000000a0000000, 0x00000000a7b80000, 0x00000000e0000000)
  object space 126464K, 86% used [0x00000000a0000000,0x00000000a6a38118,0x00000000a7b80000)
 Metaspace       used 92274K, capacity 98112K, committed 98380K, reserved 1134592K
  class space    used 11827K, capacity 13077K, committed 13184K, reserved 1048576K
Event: 9695,704 GC heap after
Heap after GC invocations=29 (full 3):
 PSYoungGen      total 370688K, used 7697K [0x00000000e0000000, 0x00000000fa480000, 0x0000000100000000)
  eden space 341504K, 0% used [0x00000000e0000000,0x00000000e0000000,0x00000000f4d80000)
  from space 29184K, 26% used [0x00000000f8800000,0x00000000f8f845f8,0x00000000fa480000)
  to   space 44544K, 0% used [0x00000000f4d80000,0x00000000f4d80000,0x00000000f7900000)
 ParOldGen       total 126464K, used 108776K [0x00000000a0000000, 0x00000000a7b80000, 0x00000000e0000000)
  object space 126464K, 86% used [0x00000000a0000000,0x00000000a6a3a118,0x00000000a7b80000)
 Metaspace       used 92274K, capacity 98112K, committed 98380K, reserved 1134592K
  class space    used 11827K, capacity 13077K, committed 13184K, reserved 1048576K
}
Event: 9696,919 GC heap before
{Heap before GC invocations=30 (full 3):
 PSYoungGen      total 370688K, used 43759K [0x00000000e0000000, 0x00000000fa480000, 0x0000000100000000)
  eden space 341504K, 10% used [0x00000000e0000000,0x00000000e2337880,0x00000000f4d80000)
  from space 29184K, 26% used [0x00000000f8800000,0x00000000f8f845f8,0x00000000fa480000)
  to   space 44544K, 0% used [0x00000000f4d80000,0x00000000f4d80000,0x00000000f7900000)
 ParOldGen       total 126464K, used 108776K [0x00000000a0000000, 0x00000000a7b80000, 0x00000000e0000000)
  object space 126464K, 86% used [0x00000000a0000000,0x00000000a6a3a118,0x00000000a7b80000)
 Metaspace       used 92392K, capacity 98280K, committed 98380K, reserved 1134592K
  class space    used 11836K, capacity 13093K, committed 13184K, reserved 1048576K
Event: 9696,940 GC heap after
Heap after GC invocations=30 (full 3):
 PSYoungGen      total 335872K, used 7216K [0x00000000e0000000, 0x00000000f9580000, 0x0000000100000000)
  eden space 328192K, 0% used [0x00000000e0000000,0x00000000e0000000,0x00000000f4080000)
  from space 7680K, 93% used [0x00000000f4d80000,0x00000000f548c020,0x00000000f5500000)
  to   space 43520K, 0% used [0x00000000f6b00000,0x00000000f6b00000,0x00000000f9580000)
 ParOldGen       total 126464K, used 108784K [0x00000000a0000000, 0x00000000a7b80000, 0x00000000e0000000)
  object space 126464K, 86% used [0x00000000a0000000,0x00000000a6a3c118,0x00000000a7b80000)
 Metaspace       used 92392K, capacity 98280K, committed 98380K, reserved 1134592K
  class space    used 11836K, capacity 13093K, committed 13184K, reserved 1048576K
}
Event: 9696,956 GC heap before
{Heap before GC invocations=31 (full 4):
 PSYoungGen      total 335872K, used 7216K [0x00000000e0000000, 0x00000000f9580000, 0x0000000100000000)
  eden space 328192K, 0% used [0x00000000e0000000,0x00000000e0000000,0x00000000f4080000)
  from space 7680K, 93% used [0x00000000f4d80000,0x00000000f548c020,0x00000000f5500000)
  to   space 43520K, 0% used [0x00000000f6b00000,0x00000000f6b00000,0x00000000f9580000)
 ParOldGen       total 126464K, used 108784K [0x00000000a0000000, 0x00000000a7b80000, 0x00000000e0000000)
  object space 126464K, 86% used [0x00000000a0000000,0x00000000a6a3c118,0x00000000a7b80000)
 Metaspace       used 92392K, capacity 98280K, committed 98380K, reserved 1134592K
  class space    used 11836K, capacity 13093K, committed 13184K, reserved 1048576K
Event: 9697,600 GC heap after
Heap after GC invocations=31 (full 4):
 PSYoungGen      total 335872K, used 0K [0x00000000e0000000, 0x00000000f9580000, 0x0000000100000000)
  eden space 328192K, 0% used [0x00000000e0000000,0x00000000e0000000,0x00000000f4080000)
  from space 7680K, 0% used [0x00000000f4d80000,0x00000000f4d80000,0x00000000f5500000)
  to   space 43520K, 0% used [0x00000000f6b00000,0x00000000f6b00000,0x00000000f9580000)
 ParOldGen       total 185344K, used 62747K [0x00000000a0000000, 0x00000000ab500000, 0x00000000e0000000)
  object space 185344K, 33% used [0x00000000a0000000,0x00000000a3d46cd0,0x00000000ab500000)
 Metaspace       used 90416K, capacity 95342K, committed 98380K, reserved 1134592K
  class space    used 11470K, capacity 12524K, committed 13184K, reserved 1048576K
}

